<?xml version="1.0" encoding="UTF-8"?>
<testng-results ignored="0" total="0" passed="0" failed="0" skipped="0">
  <reporter-output>
  </reporter-output>
  <suite started-at="2019-11-06T12:14:39 IST" name="Surefire suite" finished-at="2019-11-06T12:14:39 IST" duration-ms="234">
    <groups>
    </groups>
    <test started-at="2019-11-06T12:14:39 IST" name="Surefire test" finished-at="2019-11-06T12:14:39 IST" duration-ms="234">
    </test> <!-- Surefire test -->
  </suite> <!-- Surefire suite -->
</testng-results>
