<?xml version="1.0" encoding="UTF-8"?>
<testng-results ignored="0" total="1" passed="1" failed="0" skipped="0">
  <reporter-output>
  </reporter-output>
  <suite started-at="2019-07-26T13:03:03 IST" name="Default suite" finished-at="2019-07-26T13:03:06 IST" duration-ms="2642">
    <groups>
    </groups>
    <test started-at="2019-07-26T13:03:03 IST" name="Default test" finished-at="2019-07-26T13:03:06 IST" duration-ms="2642">
      <class name="com.demo.registration.RegistrationForm.RegistrationFormApplicationTests">
        <test-method signature="firstName()[pri:0, instance:com.demo.registration.RegistrationForm.RegistrationFormApplicationTests@6e0dec4a]" started-at="2019-07-26T13:03:03 IST" name="firstName" finished-at="2019-07-26T13:03:06 IST" duration-ms="2564" status="PASS">
          <reporter-output>
          </reporter-output>
        </test-method> <!-- firstName -->
      </class> <!-- com.demo.registration.RegistrationForm.RegistrationFormApplicationTests -->
    </test> <!-- Default test -->
  </suite> <!-- Default suite -->
</testng-results>
